Command line:
   one_hertz_led_isim_beh.exe
     -simmode  gui
     -simrunnum  0
     -socket  39507

Wed Sep 29 05:41:10 2021


 Elaboration Time: 0.02 sec

 Current Memory Usage: 196.399 Meg

 Total Signals          : 14
 Total Nets             : 15
 Total Signal Drivers   : 6
 Total Blocks           : 2
 Total Primitive Blocks : 2
 Total Processes        : 9
 Total Traceable Variables  : 20
 Total Scalar Nets and Variables : 125
Total Line Count : 26

 Total Simulation Time: 0.03 sec

 Current Memory Usage: 273.998 Meg

Wed Sep 29 05:41:22 2021

