Command line:
   tb_isim_beh.exe
     -simmode  gui
     -simrunnum  0
     -socket  64110

Thu Oct 14 06:56:19 2021


 Elaboration Time: 0.03125 sec

 Current Memory Usage: 5149.97 Meg

 Total Signals          : 122
 Total Nets             : 229
 Total Signal Drivers   : 55
 Total Blocks           : 20
 Total Primitive Blocks : 13
 Total Processes        : 78
 Total Traceable Variables  : 199
 Total Scalar Nets and Variables : 11808
Total Line Count : 322
Total Line Count : 322
Total Line Count : 322
Total Line Count : 322

 Total Simulation Time: 55.9219 sec

 Current Memory Usage: 4992.68 Meg

Thu Oct 14 07:04:02 2021

