Command line:
   modern_four_bit_counter_tb_isim_beh.exe
     -simmode  gui
     -simrunnum  0
     -socket  53798

Wed Sep 29 04:56:07 2021


 Elaboration Time: 0.05 sec

 Current Memory Usage: 196.403 Meg

 Total Signals          : 16
 Total Nets             : 19
 Total Signal Drivers   : 8
 Total Blocks           : 3
 Total Primitive Blocks : 2
 Total Processes        : 13
 Total Traceable Variables  : 21
 Total Scalar Nets and Variables : 105
Total Line Count : 27

 Total Simulation Time: 0.05 sec

 Current Memory Usage: 274.002 Meg

Wed Sep 29 04:56:49 2021

