Running: /opt/Xilinx/14.7/ISE_DS/ISE/bin/lin64/unwrapped/fuse -intstyle ise -incremental -lib unisims_ver -lib unimacro_ver -lib xilinxcorelib_ver -lib secureip -o /home/ise/CSM152A/lab0.3/lab0.3/one_hertz_led_TB_isim_beh.exe -prj /home/ise/CSM152A/lab0.3/lab0.3/one_hertz_led_TB_beh.prj work.one_hertz_led_TB work.glbl 
ISim P.20131013 (signature 0xfbc00daa)
Number of CPUs detected in this system: 1
Turning on mult-threading, number of parallel sub-compilation jobs: 0 
Determining compilation order of HDL files
Analyzing Verilog file "/home/ise/CSM152A/lab0.3/lab0.3/../src/one_hertz_led.v" into library work
Analyzing Verilog file "/home/ise/CSM152A/lab0.3/lab0.3/../src/one_hertz_led_TB.v" into library work
Analyzing Verilog file "/opt/Xilinx/14.7/ISE_DS/ISE//verilog/src/glbl.v" into library work
Starting static elaboration
Completed static elaboration
Fuse Memory Usage: 94912 KB
Fuse CPU Usage: 1100 ms
Compiling module one_hertz_led
Compiling module one_hertz_led_TB
Compiling module glbl
Time Resolution for simulation is 1ps.
Compiled 3 Verilog Units
Built simulation executable /home/ise/CSM152A/lab0.3/lab0.3/one_hertz_led_TB_isim_beh.exe
Fuse Memory Usage: 98024 KB
Fuse CPU Usage: 1130 ms
GCC CPU Usage: 250 ms
