Release 14.7 - xst P.20131013 (lin64)
Copyright (c) 1995-2013 Xilinx, Inc.  All rights reserved.
--> 
Parameter TMPDIR set to xst/projnav.tmp


Total REAL time to Xst completion: 0.00 secs
Total CPU time to Xst completion: 0.02 secs
 
--> 
Parameter xsthdpdir set to xst


Total REAL time to Xst completion: 0.00 secs
Total CPU time to Xst completion: 0.02 secs
 
--> 
Reading design: clock_gen.prj

TABLE OF CONTENTS
  1) Synthesis Options Summary
  2) HDL Parsing
  3) HDL Elaboration
  4) HDL Synthesis
       4.1) HDL Synthesis Report
  5) Advanced HDL Synthesis
       5.1) Advanced HDL Synthesis Report
  6) Low Level Synthesis
  7) Partition Report
  8) Design Summary
       8.1) Primitive and Black Box Usage
       8.2) Device utilization summary
       8.3) Partition Resource Summary
       8.4) Timing Report
            8.4.1) Clock Information
            8.4.2) Asynchronous Control Signals Information
            8.4.3) Timing Summary
            8.4.4) Timing Details
            8.4.5) Cross Clock Domains Report


=========================================================================
*                      Synthesis Options Summary                        *
=========================================================================
---- Source Parameters
Input File Name                    : "clock_gen.prj"
Ignore Synthesis Constraint File   : NO

---- Target Parameters
Output File Name                   : "clock_gen"
Output Format                      : NGC
Target Device                      : xc6slx16-3-csg324

---- Source Options
Top Module Name                    : clock_gen
Automatic FSM Extraction           : YES
FSM Encoding Algorithm             : Auto
Safe Implementation                : No
FSM Style                          : LUT
RAM Extraction                     : Yes
RAM Style                          : Auto
ROM Extraction                     : Yes
Shift Register Extraction          : YES
ROM Style                          : Auto
Resource Sharing                   : YES
Asynchronous To Synchronous        : NO
Shift Register Minimum Size        : 2
Use DSP Block                      : Auto
Automatic Register Balancing       : No

---- Target Options
LUT Combining                      : Auto
Reduce Control Sets                : Auto
Add IO Buffers                     : YES
Global Maximum Fanout              : 100000
Add Generic Clock Buffer(BUFG)     : 16
Register Duplication               : YES
Optimize Instantiated Primitives   : NO
Use Clock Enable                   : Auto
Use Synchronous Set                : Auto
Use Synchronous Reset              : Auto
Pack IO Registers into IOBs        : Auto
Equivalent register Removal        : YES

---- General Options
Optimization Goal                  : Speed
Optimization Effort                : 1
Power Reduction                    : NO
Keep Hierarchy                     : No
Netlist Hierarchy                  : As_Optimized
RTL Output                         : Yes
Global Optimization                : AllClockNets
Read Cores                         : YES
Write Timing Constraints           : NO
Cross Clock Analysis               : NO
Hierarchy Separator                : /
Bus Delimiter                      : <>
Case Specifier                     : Maintain
Slice Utilization Ratio            : 100
BRAM Utilization Ratio             : 100
DSP48 Utilization Ratio            : 100
Auto BRAM Packing                  : NO
Slice Utilization Ratio Delta      : 5

=========================================================================


=========================================================================
*                          HDL Parsing                                  *
=========================================================================
Analyzing Verilog file "/home/ise/CSM152A/Lab_2/clock_gen.v" into library work
Parsing module <clock_gen>.
Parsing module <tester>.

=========================================================================
*                            HDL Elaboration                            *
=========================================================================

Elaborating module <clock_gen>.
WARNING:HDLCompiler:413 - "/home/ise/CSM152A/Lab_2/clock_gen.v" Line 43: Result of 6-bit expression is truncated to fit in 5-bit target.
WARNING:HDLCompiler:413 - "/home/ise/CSM152A/Lab_2/clock_gen.v" Line 49: Result of 6-bit expression is truncated to fit in 5-bit target.
WARNING:HDLCompiler:413 - "/home/ise/CSM152A/Lab_2/clock_gen.v" Line 67: Result of 5-bit expression is truncated to fit in 4-bit target.
WARNING:HDLCompiler:413 - "/home/ise/CSM152A/Lab_2/clock_gen.v" Line 70: Result of 32-bit expression is truncated to fit in 8-bit target.
WARNING:HDLCompiler:413 - "/home/ise/CSM152A/Lab_2/clock_gen.v" Line 72: Result of 9-bit expression is truncated to fit in 8-bit target.
WARNING:HDLCompiler:413 - "/home/ise/CSM152A/Lab_2/clock_gen.v" Line 74: Result of 3-bit expression is truncated to fit in 2-bit target.

=========================================================================
*                           HDL Synthesis                               *
=========================================================================

Synthesizing Unit <clock_gen>.
    Related source file is "/home/ise/CSM152A/Lab_2/clock_gen.v".
    Found 5-bit register for signal <counter>.
    Found 4-bit register for signal <counter_5>.
    Found 5-bit register for signal <counter_28>.
    Found 1-bit register for signal <clk_div_2>.
    Found 1-bit register for signal <clk_div_4>.
    Found 1-bit register for signal <clk_div_8>.
    Found 1-bit register for signal <clk_div_16>.
    Found 1-bit register for signal <clk_div_28>.
    Found 1-bit register for signal <clk_div_5>.
    Found 8-bit register for signal <toggle_counter>.
    Found 2-bit register for signal <strobe>.
    Found 5-bit adder for signal <counter[4]_GND_1_o_add_1_OUT> created at line 43.
    Found 5-bit adder for signal <_n0086> created at line 49.
    Found 4-bit adder for signal <counter_5[3]_GND_1_o_add_9_OUT> created at line 67.
    Found 8-bit adder for signal <clk00[7]_GND_1_o_add_12_OUT> created at line 72.
    Found 2-bit adder for signal <strobe[1]_GND_1_o_add_14_OUT> created at line 74.
    Found 8-bit subtractor for signal <GND_1_o_GND_1_o_sub_12_OUT<7:0>> created at line 70.
    Found 5-bit comparator lessequal for signal <counter_28[4]_GND_1_o_LessThan_6_o> created at line 53
    Found 4-bit comparator lessequal for signal <counter_5[3]_GND_1_o_LessThan_9_o> created at line 62
    Summary:
	inferred   5 Adder/Subtractor(s).
	inferred  30 D-type flip-flop(s).
	inferred   2 Comparator(s).
	inferred   3 Multiplexer(s).
Unit <clock_gen> synthesized.

=========================================================================
HDL Synthesis Report

Macro Statistics
# Adders/Subtractors                                   : 5
 2-bit adder                                           : 1
 4-bit adder                                           : 1
 5-bit adder                                           : 2
 8-bit addsub                                          : 1
# Registers                                            : 11
 1-bit register                                        : 6
 2-bit register                                        : 1
 4-bit register                                        : 1
 5-bit register                                        : 2
 8-bit register                                        : 1
# Comparators                                          : 2
 4-bit comparator lessequal                            : 1
 5-bit comparator lessequal                            : 1
# Multiplexers                                         : 3
 4-bit 2-to-1 multiplexer                              : 1
 5-bit 2-to-1 multiplexer                              : 1
 8-bit 2-to-1 multiplexer                              : 1

=========================================================================
INFO:Xst:1767 - HDL ADVISOR - Resource sharing has identified that some arithmetic operations in this design can share the same physical resources for reduced device utilization. For improved clock frequency you may try to disable resource sharing.

=========================================================================
*                       Advanced HDL Synthesis                          *
=========================================================================


Synthesizing (advanced) Unit <clock_gen>.
The following registers are absorbed into accumulator <clk00>: 1 register on signal <clk00>.
The following registers are absorbed into counter <counter_5>: 1 register on signal <counter_5>.
The following registers are absorbed into counter <counter>: 1 register on signal <counter>.
The following registers are absorbed into counter <strobe>: 1 register on signal <strobe>.
Unit <clock_gen> synthesized (advanced).

=========================================================================
Advanced HDL Synthesis Report

Macro Statistics
# Adders/Subtractors                                   : 2
 5-bit adder                                           : 2
# Counters                                             : 3
 2-bit up counter                                      : 1
 4-bit up counter                                      : 1
 5-bit up counter                                      : 1
# Accumulators                                         : 1
 8-bit updown accumulator                              : 1
# Registers                                            : 11
 Flip-Flops                                            : 11
# Comparators                                          : 2
 4-bit comparator lessequal                            : 1
 5-bit comparator lessequal                            : 1
# Multiplexers                                         : 3
 4-bit 2-to-1 multiplexer                              : 1
 5-bit 2-to-1 multiplexer                              : 1
 8-bit 2-to-1 multiplexer                              : 1

=========================================================================

=========================================================================
*                         Low Level Synthesis                           *
=========================================================================
INFO:Xst:2146 - In block <clock_gen>, Counter <counter> <strobe> are equivalent, XST will keep only <counter>.
WARNING:Xst:2677 - Node <counter_4> of sequential type is unconnected in block <clock_gen>.
INFO:Xst:2261 - The FF/Latch <clk2> in Unit <clock_gen> is equivalent to the following FF/Latch, which will be removed : <counter_0> 
INFO:Xst:2261 - The FF/Latch <clk4> in Unit <clock_gen> is equivalent to the following FF/Latch, which will be removed : <counter_1> 
INFO:Xst:2261 - The FF/Latch <clk8> in Unit <clock_gen> is equivalent to the following FF/Latch, which will be removed : <counter_2> 
INFO:Xst:2261 - The FF/Latch <clk16> in Unit <clock_gen> is equivalent to the following FF/Latch, which will be removed : <counter_3> 

Optimizing unit <clock_gen> ...
INFO:Xst:2261 - The FF/Latch <clk4> in Unit <clock_gen> is equivalent to the following FF/Latch, which will be removed : <counter_28_1> 
INFO:Xst:2261 - The FF/Latch <clk8> in Unit <clock_gen> is equivalent to the following FF/Latch, which will be removed : <clk00_0> 
INFO:Xst:2261 - The FF/Latch <counter_28_0> in Unit <clock_gen> is equivalent to the following 2 FFs/Latches, which will be removed : <clk2> <counter_5_0> 

Mapping all equations...
Building and optimizing final netlist ...
Found area constraint ratio of 100 (+ 5) on block clock_gen, actual ratio is 0.
FlipFlop counter_28_0 has been replicated 1 time(s)

Final Macro Processing ...

=========================================================================
Final Register Report

Macro Statistics
# Registers                                            : 20
 Flip-Flops                                            : 20

=========================================================================

=========================================================================
*                           Partition Report                            *
=========================================================================

Partition Implementation Status
-------------------------------

  No Partitions were found in this design.

-------------------------------

=========================================================================
*                            Design Summary                             *
=========================================================================

Top Level Output File Name         : clock_gen.ngc

Primitive and Black Box Usage:
------------------------------
# BELS                             : 22
#      INV                         : 1
#      LUT2                        : 1
#      LUT3                        : 2
#      LUT4                        : 6
#      LUT5                        : 6
#      LUT6                        : 5
#      MUXF7                       : 1
# FlipFlops/Latches                : 20
#      FDR                         : 20
# Clock Buffers                    : 1
#      BUFGP                       : 1
# IO Buffers                       : 15
#      IBUF                        : 1
#      OBUF                        : 14

Device utilization summary:
---------------------------

Selected Device : 6slx16csg324-3 


Slice Logic Utilization: 
 Number of Slice Registers:              20  out of  18224     0%  
 Number of Slice LUTs:                   21  out of   9112     0%  
    Number used as Logic:                21  out of   9112     0%  

Slice Logic Distribution: 
 Number of LUT Flip Flop pairs used:     22
   Number with an unused Flip Flop:       2  out of     22     9%  
   Number with an unused LUT:             1  out of     22     4%  
   Number of fully used LUT-FF pairs:    19  out of     22    86%  
   Number of unique control sets:         1

IO Utilization: 
 Number of IOs:                          16
 Number of bonded IOBs:                  16  out of    232     6%  

Specific Feature Utilization:
 Number of BUFG/BUFGCTRLs:                1  out of     16     6%  

---------------------------
Partition Resource Summary:
---------------------------

  No Partitions were found in this design.

---------------------------


=========================================================================
Timing Report

NOTE: THESE TIMING NUMBERS ARE ONLY A SYNTHESIS ESTIMATE.
      FOR ACCURATE TIMING INFORMATION PLEASE REFER TO THE TRACE REPORT
      GENERATED AFTER PLACE-and-ROUTE.

Clock Information:
------------------
-----------------------------------+------------------------+-------+
Clock Signal                       | Clock buffer(FF name)  | Load  |
-----------------------------------+------------------------+-------+
clk_in                             | BUFGP                  | 20    |
-----------------------------------+------------------------+-------+

Asynchronous Control Signals Information:
----------------------------------------
No asynchronous control signals found in this design

Timing Summary:
---------------
Speed Grade: -3

   Minimum period: 2.670ns (Maximum Frequency: 374.483MHz)
   Minimum input arrival time before clock: 2.744ns
   Maximum output required time after clock: 4.131ns
   Maximum combinational path delay: No path found

Timing Details:
---------------
All values displayed in nanoseconds (ns)

=========================================================================
Timing constraint: Default period analysis for Clock 'clk_in'
  Clock period: 2.670ns (frequency: 374.483MHz)
  Total number of paths / destination ports: 109 / 20
-------------------------------------------------------------------------
Delay:               2.670ns (Levels of Logic = 2)
  Source:            clk4 (FF)
  Destination:       clk00_4 (FF)
  Source Clock:      clk_in rising
  Destination Clock: clk_in rising

  Data Path: clk4 to clk00_4
                                Gate     Net
    Cell:in->out      fanout   Delay   Delay  Logical Name (Net Name)
    ----------------------------------------  ------------
     FDR:C->Q             17   0.447   1.028  clk4 (clk4)
     LUT6:I5->O            4   0.205   0.684  Maccum_clk00_cy<3>11 (Maccum_clk00_cy<3>)
     LUT4:I3->O            1   0.205   0.000  Maccum_clk00_xor<4>11 (Result<4>1)
     FDR:D                     0.102          clk00_4
    ----------------------------------------
    Total                      2.670ns (0.959ns logic, 1.711ns route)
                                       (35.9% logic, 64.1% route)

=========================================================================
Timing constraint: Default OFFSET IN BEFORE for Clock 'clk_in'
  Total number of paths / destination ports: 20 / 20
-------------------------------------------------------------------------
Offset:              2.744ns (Levels of Logic = 1)
  Source:            rst (PAD)
  Destination:       clk4 (FF)
  Destination Clock: clk_in rising

  Data Path: rst to clk4
                                Gate     Net
    Cell:in->out      fanout   Delay   Delay  Logical Name (Net Name)
    ----------------------------------------  ------------
     IBUF:I->O            20   1.222   1.092  rst_IBUF (rst_IBUF)
     FDR:R                     0.430          clk4
    ----------------------------------------
    Total                      2.744ns (1.652ns logic, 1.092ns route)
                                       (60.2% logic, 39.8% route)

=========================================================================
Timing constraint: Default OFFSET OUT AFTER for Clock 'clk_in'
  Total number of paths / destination ports: 14 / 14
-------------------------------------------------------------------------
Offset:              4.131ns (Levels of Logic = 1)
  Source:            counter_28_0 (FF)
  Destination:       clk_div_2 (PAD)
  Source Clock:      clk_in rising

  Data Path: counter_28_0 to clk_div_2
                                Gate     Net
    Cell:in->out      fanout   Delay   Delay  Logical Name (Net Name)
    ----------------------------------------  ------------
     FDR:C->Q             21   0.447   1.113  counter_28_0 (counter_28_0)
     OBUF:I->O                 2.571          clk_div_2_OBUF (clk_div_2)
    ----------------------------------------
    Total                      4.131ns (3.018ns logic, 1.113ns route)
                                       (73.1% logic, 26.9% route)

=========================================================================

Cross Clock Domains Report:
--------------------------

Clock to Setup on destination clock clk_in
---------------+---------+---------+---------+---------+
               | Src:Rise| Src:Fall| Src:Rise| Src:Fall|
Source Clock   |Dest:Rise|Dest:Rise|Dest:Fall|Dest:Fall|
---------------+---------+---------+---------+---------+
clk_in         |    2.670|         |         |         |
---------------+---------+---------+---------+---------+

=========================================================================


Total REAL time to Xst completion: 5.00 secs
Total CPU time to Xst completion: 3.80 secs
 
--> 


Total memory usage is 483468 kilobytes

Number of errors   :    0 (   0 filtered)
Number of warnings :    7 (   0 filtered)
Number of infos    :    9 (   0 filtered)

