ISim log file
Running: C:\Users\wrand\Desktop\CSM152A\lab1\lab1\tb_isim_beh.exe -intstyle ise -gui -tclbatch isim.cmd -wdb C:/Users/wrand/Desktop/CSM152A/lab1/lab1/tb_isim_beh.wdb 
ISim P.20131013 (signature 0x7708f090)
WARNING: A WEBPACK license was found.
WARNING: Please use Xilinx License Configuration Manager to check out a full ISim license.
WARNING: ISim will run in Lite mode. Please refer to the ISim documentation for more information on the differences between the Lite and the Full version.
This is a Lite version of ISim.
Time resolution is 1 ps
# onerror resume
# wave add /
# run 1000 ns
Simulator is doing circuit initialization process.
Finished circuit initialization process.
         5 ... led output changed to        00000000
# run all
DEBUG: Number of lines: binary=00000010 base10=  2
DEBUG: lines left    2
   1501005 ... Running instruction        00000001
   5243925 ... instruction        00000001 executed
   5243925 ... led output changed to        00000001
DEBUG: lines left    1
   6001005 ... Running instruction        11000000
   9176085 ... instruction        11000000 executed
   9176085 ... led output changed to        00000010
   9239715 UART0 Received bytes 30303031 (0001)
DEBUG: lines left    0
Stopped at time : 10501005 ns : File "C:/Users/wrand/Desktop/CSM152A/lab1/src/tb/tb.v" Line 59
