Command line:
   clock_gen_tb_isim_beh.exe
     -simmode  gui
     -simrunnum  0
     -socket  44650

Sat Feb  6 23:25:11 2021


 Elaboration Time: 0.03 sec

 Current Memory Usage: 215.233 Meg

 Total Signals          : 20
 Total Nets             : 22
 Total Signal Drivers   : 9
 Total Blocks           : 3
 Total Primitive Blocks : 2
 Total Processes        : 14
 Total Traceable Variables  : 22
 Total Scalar Nets and Variables : 107
Total Line Count : 36

 Total Simulation Time: 0.04 sec

 Current Memory Usage: 292.831 Meg

Sat Feb  6 23:25:27 2021

