Command line:
   clock_gen_isim_beh.exe
     -simmode  gui
     -simrunnum  0
     -socket  48947

Sat Feb  6 23:15:42 2021


 Elaboration Time: 0.03 sec

 Current Memory Usage: 215.237 Meg

 Total Signals          : 22
 Total Nets             : 29
 Total Signal Drivers   : 12
 Total Blocks           : 2
 Total Primitive Blocks : 2
 Total Processes        : 14
 Total Traceable Variables  : 29
 Total Scalar Nets and Variables : 139
Total Line Count : 59

 Total Simulation Time: 0.04 sec

 Current Memory Usage: 292.835 Meg

Sat Feb  6 23:15:53 2021

