Running: /opt/Xilinx/14.7/ISE_DS/ISE/bin/lin64/unwrapped/fuse -intstyle ise -incremental -lib unisims_ver -lib unimacro_ver -lib xilinxcorelib_ver -lib secureip -o /home/ise/CSM152A/lab0.2/lab0.2/modern_four_bit_counter_tb_isim_beh.exe -prj /home/ise/CSM152A/lab0.2/lab0.2/modern_four_bit_counter_tb_beh.prj work.modern_four_bit_counter_tb work.glbl 
ISim P.20131013 (signature 0xfbc00daa)
Number of CPUs detected in this system: 1
Turning on mult-threading, number of parallel sub-compilation jobs: 0 
Determining compilation order of HDL files
Analyzing Verilog file "/home/ise/CSM152A/lab0.2/lab0.2/../src/modern_four_bit_counter.v" into library work
Analyzing Verilog file "/home/ise/CSM152A/lab0.2/lab0.2/../src/modern_four_bit_counter_TB.v" into library work
Analyzing Verilog file "/opt/Xilinx/14.7/ISE_DS/ISE//verilog/src/glbl.v" into library work
Starting static elaboration
Completed static elaboration
Fuse Memory Usage: 94920 KB
Fuse CPU Usage: 1130 ms
Compiling module modern_four_bit_counter
Compiling module modern_four_bit_counter_tb
Compiling module glbl
Time Resolution for simulation is 1ps.
Compiled 3 Verilog Units
Built simulation executable /home/ise/CSM152A/lab0.2/lab0.2/modern_four_bit_counter_tb_isim_beh.exe
Fuse Memory Usage: 98028 KB
Fuse CPU Usage: 1160 ms
GCC CPU Usage: 290 ms
