Command line:
   one_hertz_led_TB_isim_beh.exe
     -simmode  gui
     -simrunnum  0
     -socket  53572

Wed Sep 29 05:48:50 2021


 Elaboration Time: 0.02 sec

 Current Memory Usage: 196.399 Meg

 Total Signals          : 15
 Total Nets             : 15
 Total Signal Drivers   : 7
 Total Blocks           : 3
 Total Primitive Blocks : 2
 Total Processes        : 13
 Total Traceable Variables  : 21
 Total Scalar Nets and Variables : 126
Total Line Count : 33

 Total Simulation Time: 0.03 sec

 Current Memory Usage: 273.998 Meg

Wed Sep 29 05:50:44 2021

